[0622/104201.734:ERROR:process_reader_win.cc(123)] NtOpenThread: {Access Denied} A process has requested access to an object, but has not been granted those access rights. (0xc0000022)
[0622/104201.735:ERROR:exception_snapshot_win.cc(98)] thread ID 2232 not found in process
[0622/104201.759:ERROR:process_reader_win.cc(123)] NtOpenThread: {Access Denied} A process has requested access to an object, but has not been granted those access rights. (0xc0000022)
[0622/104201.759:ERROR:exception_snapshot_win.cc(98)] thread ID 15472 not found in process
[0622/121441.548:ERROR:process_reader_win.cc(123)] NtOpenThread: {Access Denied} A process has requested access to an object, but has not been granted those access rights. (0xc0000022)
[0622/121441.552:ERROR:exception_snapshot_win.cc(98)] thread ID 13620 not found in process
[0622/121441.577:ERROR:process_reader_win.cc(123)] NtOpenThread: {Access Denied} A process has requested access to an object, but has not been granted those access rights. (0xc0000022)
[0622/121441.577:ERROR:exception_snapshot_win.cc(98)] thread ID 11816 not found in process
[0622/225749.929:ERROR:process_reader_win.cc(123)] NtOpenThread: {Access Denied} A process has requested access to an object, but has not been granted those access rights. (0xc0000022)
[0622/225749.930:ERROR:exception_snapshot_win.cc(98)] thread ID 18080 not found in process
[0622/225749.956:ERROR:process_reader_win.cc(123)] NtOpenThread: {Access Denied} A process has requested access to an object, but has not been granted those access rights. (0xc0000022)
[0622/225749.956:ERROR:exception_snapshot_win.cc(98)] thread ID 1900 not found in process
[0706/231800.088:ERROR:process_reader_win.cc(123)] NtOpenThread: {Access Denied} A process has requested access to an object, but has not been granted those access rights. (0xc0000022)
[0706/231800.089:ERROR:exception_snapshot_win.cc(98)] thread ID 39688 not found in process
[0706/231800.123:ERROR:process_reader_win.cc(123)] NtOpenThread: {Access Denied} A process has requested access to an object, but has not been granted those access rights. (0xc0000022)
[0706/231800.123:ERROR:exception_snapshot_win.cc(98)] thread ID 30976 not found in process
[0708/071117.340:ERROR:process_reader_win.cc(123)] NtOpenThread: {Access Denied} A process has requested access to an object, but has not been granted those access rights. (0xc0000022)
[0708/071117.341:ERROR:exception_snapshot_win.cc(98)] thread ID 34896 not found in process
[0708/071117.374:ERROR:process_reader_win.cc(123)] NtOpenThread: {Access Denied} A process has requested access to an object, but has not been granted those access rights. (0xc0000022)
[0708/071117.374:ERROR:exception_snapshot_win.cc(98)] thread ID 36168 not found in process
[0710/231618.895:ERROR:process_reader_win.cc(123)] NtOpenThread: {Access Denied} A process has requested access to an object, but has not been granted those access rights. (0xc0000022)
[0710/231618.896:ERROR:exception_snapshot_win.cc(98)] thread ID 37764 not found in process
[0710/231618.922:ERROR:process_reader_win.cc(123)] NtOpenThread: {Access Denied} A process has requested access to an object, but has not been granted those access rights. (0xc0000022)
[0710/231618.922:ERROR:exception_snapshot_win.cc(98)] thread ID 40000 not found in process
[0711/191054.312:ERROR:process_info.cc(329)] VirtualQueryEx: Access is denied. (0x5)
[0711/191054.313:ERROR:process_info.cc(556)] ReadMemoryInfo failed
[0711/191054.313:ERROR:scoped_process_suspend.cc(40)] NtResumeProcess: An attempt was made to access an exiting process. (0xc000010a)
[0720/230150.290:ERROR:process_reader_win.cc(123)] NtOpenThread: {Access Denied} A process has requested access to an object, but has not been granted those access rights. (0xc0000022)
[0720/230150.295:ERROR:exception_snapshot_win.cc(98)] thread ID 12408 not found in process
[0720/230150.314:ERROR:process_reader_win.cc(123)] NtOpenThread: {Access Denied} A process has requested access to an object, but has not been granted those access rights. (0xc0000022)
[0720/230150.314:ERROR:exception_snapshot_win.cc(98)] thread ID 12416 not found in process
